ARM GAS  C:\Users\simay\AppData\Local\Temp\cceozDPH.s 			page 1


   1              		.cpu cortex-m0plus
   2              		.arch armv6s-m
   3              		.fpu softvfp
   4              		.eabi_attribute 20, 1
   5              		.eabi_attribute 21, 1
   6              		.eabi_attribute 23, 3
   7              		.eabi_attribute 24, 1
   8              		.eabi_attribute 25, 1
   9              		.eabi_attribute 26, 1
  10              		.eabi_attribute 30, 1
  11              		.eabi_attribute 34, 0
  12              		.eabi_attribute 18, 4
  13              		.file	"stm32c0xx_it.c"
  14              		.text
  15              	.Ltext0:
  16              		.cfi_sections	.debug_frame
  17              		.file 1 "Core/Src/stm32c0xx_it.c"
  18              		.section	.text.NMI_Handler,"ax",%progbits
  19              		.align	1
  20              		.global	NMI_Handler
  21              		.syntax unified
  22              		.code	16
  23              		.thumb_func
  25              	NMI_Handler:
  26              	.LFB233:
   1:Core/Src/stm32c0xx_it.c **** /* USER CODE BEGIN Header */
   2:Core/Src/stm32c0xx_it.c **** /**
   3:Core/Src/stm32c0xx_it.c ****   ******************************************************************************
   4:Core/Src/stm32c0xx_it.c ****   * @file    stm32c0xx_it.c
   5:Core/Src/stm32c0xx_it.c ****   * @brief   Interrupt Service Routines.
   6:Core/Src/stm32c0xx_it.c ****   ******************************************************************************
   7:Core/Src/stm32c0xx_it.c ****   * @attention
   8:Core/Src/stm32c0xx_it.c ****   *
   9:Core/Src/stm32c0xx_it.c ****   * Copyright (c) 2025 STMicroelectronics.
  10:Core/Src/stm32c0xx_it.c ****   * All rights reserved.
  11:Core/Src/stm32c0xx_it.c ****   *
  12:Core/Src/stm32c0xx_it.c ****   * This software is licensed under terms that can be found in the LICENSE file
  13:Core/Src/stm32c0xx_it.c ****   * in the root directory of this software component.
  14:Core/Src/stm32c0xx_it.c ****   * If no LICENSE file comes with this software, it is provided AS-IS.
  15:Core/Src/stm32c0xx_it.c ****   *
  16:Core/Src/stm32c0xx_it.c ****   ******************************************************************************
  17:Core/Src/stm32c0xx_it.c ****   */
  18:Core/Src/stm32c0xx_it.c **** /* USER CODE END Header */
  19:Core/Src/stm32c0xx_it.c **** 
  20:Core/Src/stm32c0xx_it.c **** /* Includes ------------------------------------------------------------------*/
  21:Core/Src/stm32c0xx_it.c **** #include "main.h"
  22:Core/Src/stm32c0xx_it.c **** #include "stm32c0xx_it.h"
  23:Core/Src/stm32c0xx_it.c **** /* Private includes ----------------------------------------------------------*/
  24:Core/Src/stm32c0xx_it.c **** /* USER CODE BEGIN Includes */
  25:Core/Src/stm32c0xx_it.c **** /* USER CODE END Includes */
  26:Core/Src/stm32c0xx_it.c **** 
  27:Core/Src/stm32c0xx_it.c **** /* Private typedef -----------------------------------------------------------*/
  28:Core/Src/stm32c0xx_it.c **** /* USER CODE BEGIN TD */
  29:Core/Src/stm32c0xx_it.c **** 
  30:Core/Src/stm32c0xx_it.c **** /* USER CODE END TD */
  31:Core/Src/stm32c0xx_it.c **** 
  32:Core/Src/stm32c0xx_it.c **** /* Private define ------------------------------------------------------------*/
ARM GAS  C:\Users\simay\AppData\Local\Temp\cceozDPH.s 			page 2


  33:Core/Src/stm32c0xx_it.c **** /* USER CODE BEGIN PD */
  34:Core/Src/stm32c0xx_it.c **** 
  35:Core/Src/stm32c0xx_it.c **** /* USER CODE END PD */
  36:Core/Src/stm32c0xx_it.c **** 
  37:Core/Src/stm32c0xx_it.c **** /* Private macro -------------------------------------------------------------*/
  38:Core/Src/stm32c0xx_it.c **** /* USER CODE BEGIN PM */
  39:Core/Src/stm32c0xx_it.c **** 
  40:Core/Src/stm32c0xx_it.c **** /* USER CODE END PM */
  41:Core/Src/stm32c0xx_it.c **** 
  42:Core/Src/stm32c0xx_it.c **** /* Private variables ---------------------------------------------------------*/
  43:Core/Src/stm32c0xx_it.c **** /* USER CODE BEGIN PV */
  44:Core/Src/stm32c0xx_it.c **** 
  45:Core/Src/stm32c0xx_it.c **** /* USER CODE END PV */
  46:Core/Src/stm32c0xx_it.c **** 
  47:Core/Src/stm32c0xx_it.c **** /* Private function prototypes -----------------------------------------------*/
  48:Core/Src/stm32c0xx_it.c **** /* USER CODE BEGIN PFP */
  49:Core/Src/stm32c0xx_it.c **** 
  50:Core/Src/stm32c0xx_it.c **** /* USER CODE END PFP */
  51:Core/Src/stm32c0xx_it.c **** 
  52:Core/Src/stm32c0xx_it.c **** /* Private user code ---------------------------------------------------------*/
  53:Core/Src/stm32c0xx_it.c **** /* USER CODE BEGIN 0 */
  54:Core/Src/stm32c0xx_it.c **** 
  55:Core/Src/stm32c0xx_it.c **** /* USER CODE END 0 */
  56:Core/Src/stm32c0xx_it.c **** 
  57:Core/Src/stm32c0xx_it.c **** /* External variables --------------------------------------------------------*/
  58:Core/Src/stm32c0xx_it.c **** extern UART_HandleTypeDef huart1;
  59:Core/Src/stm32c0xx_it.c **** /* USER CODE BEGIN EV */
  60:Core/Src/stm32c0xx_it.c **** 
  61:Core/Src/stm32c0xx_it.c **** /* USER CODE END EV */
  62:Core/Src/stm32c0xx_it.c **** 
  63:Core/Src/stm32c0xx_it.c **** /******************************************************************************/
  64:Core/Src/stm32c0xx_it.c **** /*           Cortex Processor Interruption and Exception Handlers          */
  65:Core/Src/stm32c0xx_it.c **** /******************************************************************************/
  66:Core/Src/stm32c0xx_it.c **** /**
  67:Core/Src/stm32c0xx_it.c ****   * @brief This function handles Non maskable interrupt.
  68:Core/Src/stm32c0xx_it.c ****   */
  69:Core/Src/stm32c0xx_it.c **** void NMI_Handler(void)
  70:Core/Src/stm32c0xx_it.c **** {
  27              		.loc 1 70 1 view -0
  28              		.cfi_startproc
  29              		@ Volatile: function does not return.
  30              		@ args = 0, pretend = 0, frame = 0
  31              		@ frame_needed = 0, uses_anonymous_args = 0
  32              		@ link register save eliminated.
  33              	.L2:
  71:Core/Src/stm32c0xx_it.c ****   /* USER CODE BEGIN NonMaskableInt_IRQn 0 */
  72:Core/Src/stm32c0xx_it.c **** 
  73:Core/Src/stm32c0xx_it.c ****   /* USER CODE END NonMaskableInt_IRQn 0 */
  74:Core/Src/stm32c0xx_it.c ****   /* USER CODE BEGIN NonMaskableInt_IRQn 1 */
  75:Core/Src/stm32c0xx_it.c ****    while (1)
  34              		.loc 1 75 4 view .LVU1
  76:Core/Src/stm32c0xx_it.c ****   {
  77:Core/Src/stm32c0xx_it.c ****   }
  35              		.loc 1 77 3 view .LVU2
  75:Core/Src/stm32c0xx_it.c ****   {
  36              		.loc 1 75 10 view .LVU3
  37 0000 FEE7     		b	.L2
ARM GAS  C:\Users\simay\AppData\Local\Temp\cceozDPH.s 			page 3


  38              		.cfi_endproc
  39              	.LFE233:
  41              		.section	.text.HardFault_Handler,"ax",%progbits
  42              		.align	1
  43              		.global	HardFault_Handler
  44              		.syntax unified
  45              		.code	16
  46              		.thumb_func
  48              	HardFault_Handler:
  49              	.LFB234:
  78:Core/Src/stm32c0xx_it.c ****   /* USER CODE END NonMaskableInt_IRQn 1 */
  79:Core/Src/stm32c0xx_it.c **** }
  80:Core/Src/stm32c0xx_it.c **** 
  81:Core/Src/stm32c0xx_it.c **** /**
  82:Core/Src/stm32c0xx_it.c ****   * @brief This function handles Hard fault interrupt.
  83:Core/Src/stm32c0xx_it.c ****   */
  84:Core/Src/stm32c0xx_it.c **** void HardFault_Handler(void)
  85:Core/Src/stm32c0xx_it.c **** {
  50              		.loc 1 85 1 view -0
  51              		.cfi_startproc
  52              		@ Volatile: function does not return.
  53              		@ args = 0, pretend = 0, frame = 0
  54              		@ frame_needed = 0, uses_anonymous_args = 0
  55              		@ link register save eliminated.
  56              	.L4:
  86:Core/Src/stm32c0xx_it.c ****   /* USER CODE BEGIN HardFault_IRQn 0 */
  87:Core/Src/stm32c0xx_it.c **** 
  88:Core/Src/stm32c0xx_it.c ****   /* USER CODE END HardFault_IRQn 0 */
  89:Core/Src/stm32c0xx_it.c ****   while (1)
  57              		.loc 1 89 3 view .LVU5
  90:Core/Src/stm32c0xx_it.c ****   {
  91:Core/Src/stm32c0xx_it.c ****     /* USER CODE BEGIN W1_HardFault_IRQn 0 */
  92:Core/Src/stm32c0xx_it.c ****     /* USER CODE END W1_HardFault_IRQn 0 */
  93:Core/Src/stm32c0xx_it.c ****   }
  58              		.loc 1 93 3 view .LVU6
  89:Core/Src/stm32c0xx_it.c ****   {
  59              		.loc 1 89 9 view .LVU7
  60 0000 FEE7     		b	.L4
  61              		.cfi_endproc
  62              	.LFE234:
  64              		.section	.text.SVC_Handler,"ax",%progbits
  65              		.align	1
  66              		.global	SVC_Handler
  67              		.syntax unified
  68              		.code	16
  69              		.thumb_func
  71              	SVC_Handler:
  72              	.LFB235:
  94:Core/Src/stm32c0xx_it.c **** }
  95:Core/Src/stm32c0xx_it.c **** 
  96:Core/Src/stm32c0xx_it.c **** /**
  97:Core/Src/stm32c0xx_it.c ****   * @brief This function handles System service call via SWI instruction.
  98:Core/Src/stm32c0xx_it.c ****   */
  99:Core/Src/stm32c0xx_it.c **** void SVC_Handler(void)
 100:Core/Src/stm32c0xx_it.c **** {
  73              		.loc 1 100 1 view -0
  74              		.cfi_startproc
ARM GAS  C:\Users\simay\AppData\Local\Temp\cceozDPH.s 			page 4


  75              		@ args = 0, pretend = 0, frame = 0
  76              		@ frame_needed = 0, uses_anonymous_args = 0
  77              		@ link register save eliminated.
 101:Core/Src/stm32c0xx_it.c ****   /* USER CODE BEGIN SVCall_IRQn 0 */
 102:Core/Src/stm32c0xx_it.c **** 
 103:Core/Src/stm32c0xx_it.c ****   /* USER CODE END SVCall_IRQn 0 */
 104:Core/Src/stm32c0xx_it.c ****   /* USER CODE BEGIN SVCall_IRQn 1 */
 105:Core/Src/stm32c0xx_it.c **** 
 106:Core/Src/stm32c0xx_it.c ****   /* USER CODE END SVCall_IRQn 1 */
 107:Core/Src/stm32c0xx_it.c **** }
  78              		.loc 1 107 1 view .LVU9
  79              		@ sp needed
  80 0000 7047     		bx	lr
  81              		.cfi_endproc
  82              	.LFE235:
  84              		.section	.text.PendSV_Handler,"ax",%progbits
  85              		.align	1
  86              		.global	PendSV_Handler
  87              		.syntax unified
  88              		.code	16
  89              		.thumb_func
  91              	PendSV_Handler:
  92              	.LFB236:
 108:Core/Src/stm32c0xx_it.c **** 
 109:Core/Src/stm32c0xx_it.c **** /**
 110:Core/Src/stm32c0xx_it.c ****   * @brief This function handles Pendable request for system service.
 111:Core/Src/stm32c0xx_it.c ****   */
 112:Core/Src/stm32c0xx_it.c **** void PendSV_Handler(void)
 113:Core/Src/stm32c0xx_it.c **** {
  93              		.loc 1 113 1 view -0
  94              		.cfi_startproc
  95              		@ args = 0, pretend = 0, frame = 0
  96              		@ frame_needed = 0, uses_anonymous_args = 0
  97              		@ link register save eliminated.
 114:Core/Src/stm32c0xx_it.c ****   /* USER CODE BEGIN PendSV_IRQn 0 */
 115:Core/Src/stm32c0xx_it.c **** 
 116:Core/Src/stm32c0xx_it.c ****   /* USER CODE END PendSV_IRQn 0 */
 117:Core/Src/stm32c0xx_it.c ****   /* USER CODE BEGIN PendSV_IRQn 1 */
 118:Core/Src/stm32c0xx_it.c **** 
 119:Core/Src/stm32c0xx_it.c ****   /* USER CODE END PendSV_IRQn 1 */
 120:Core/Src/stm32c0xx_it.c **** }
  98              		.loc 1 120 1 view .LVU11
  99              		@ sp needed
 100 0000 7047     		bx	lr
 101              		.cfi_endproc
 102              	.LFE236:
 104              		.section	.text.SysTick_Handler,"ax",%progbits
 105              		.align	1
 106              		.global	SysTick_Handler
 107              		.syntax unified
 108              		.code	16
 109              		.thumb_func
 111              	SysTick_Handler:
 112              	.LFB237:
 121:Core/Src/stm32c0xx_it.c **** 
 122:Core/Src/stm32c0xx_it.c **** /**
 123:Core/Src/stm32c0xx_it.c ****   * @brief This function handles System tick timer.
ARM GAS  C:\Users\simay\AppData\Local\Temp\cceozDPH.s 			page 5


 124:Core/Src/stm32c0xx_it.c ****   */
 125:Core/Src/stm32c0xx_it.c **** void SysTick_Handler(void)
 126:Core/Src/stm32c0xx_it.c **** {
 113              		.loc 1 126 1 view -0
 114              		.cfi_startproc
 115              		@ args = 0, pretend = 0, frame = 0
 116              		@ frame_needed = 0, uses_anonymous_args = 0
 117 0000 10B5     		push	{r4, lr}
 118              	.LCFI0:
 119              		.cfi_def_cfa_offset 8
 120              		.cfi_offset 4, -8
 121              		.cfi_offset 14, -4
 127:Core/Src/stm32c0xx_it.c ****   /* USER CODE BEGIN SysTick_IRQn 0 */
 128:Core/Src/stm32c0xx_it.c **** 
 129:Core/Src/stm32c0xx_it.c ****   /* USER CODE END SysTick_IRQn 0 */
 130:Core/Src/stm32c0xx_it.c ****   HAL_IncTick();
 122              		.loc 1 130 3 view .LVU13
 123 0002 FFF7FEFF 		bl	HAL_IncTick
 124              	.LVL0:
 131:Core/Src/stm32c0xx_it.c ****   /* USER CODE BEGIN SysTick_IRQn 1 */
 132:Core/Src/stm32c0xx_it.c **** 
 133:Core/Src/stm32c0xx_it.c ****   /* USER CODE END SysTick_IRQn 1 */
 134:Core/Src/stm32c0xx_it.c **** }
 125              		.loc 1 134 1 is_stmt 0 view .LVU14
 126              		@ sp needed
 127 0006 10BD     		pop	{r4, pc}
 128              		.cfi_endproc
 129              	.LFE237:
 131              		.section	.text.EXTI4_15_IRQHandler,"ax",%progbits
 132              		.align	1
 133              		.global	EXTI4_15_IRQHandler
 134              		.syntax unified
 135              		.code	16
 136              		.thumb_func
 138              	EXTI4_15_IRQHandler:
 139              	.LFB238:
 135:Core/Src/stm32c0xx_it.c **** 
 136:Core/Src/stm32c0xx_it.c **** /******************************************************************************/
 137:Core/Src/stm32c0xx_it.c **** /* STM32C0xx Peripheral Interrupt Handlers                                    */
 138:Core/Src/stm32c0xx_it.c **** /* Add here the Interrupt Handlers for the used peripherals.                  */
 139:Core/Src/stm32c0xx_it.c **** /* For the available peripheral interrupt handler names,                      */
 140:Core/Src/stm32c0xx_it.c **** /* please refer to the startup file (startup_stm32c0xx.s).                    */
 141:Core/Src/stm32c0xx_it.c **** /******************************************************************************/
 142:Core/Src/stm32c0xx_it.c **** 
 143:Core/Src/stm32c0xx_it.c **** /**
 144:Core/Src/stm32c0xx_it.c ****   * @brief This function handles EXTI line 4 to 15 interrupts.
 145:Core/Src/stm32c0xx_it.c ****   */
 146:Core/Src/stm32c0xx_it.c **** void EXTI4_15_IRQHandler(void)
 147:Core/Src/stm32c0xx_it.c **** {
 140              		.loc 1 147 1 is_stmt 1 view -0
 141              		.cfi_startproc
 142              		@ args = 0, pretend = 0, frame = 0
 143              		@ frame_needed = 0, uses_anonymous_args = 0
 144 0000 10B5     		push	{r4, lr}
 145              	.LCFI1:
 146              		.cfi_def_cfa_offset 8
 147              		.cfi_offset 4, -8
ARM GAS  C:\Users\simay\AppData\Local\Temp\cceozDPH.s 			page 6


 148              		.cfi_offset 14, -4
 148:Core/Src/stm32c0xx_it.c ****   /* USER CODE BEGIN EXTI4_15_IRQn 0 */
 149:Core/Src/stm32c0xx_it.c **** 
 150:Core/Src/stm32c0xx_it.c ****   /* USER CODE END EXTI4_15_IRQn 0 */
 151:Core/Src/stm32c0xx_it.c ****   BSP_PB_IRQHandler(BUTTON_USER);
 149              		.loc 1 151 3 view .LVU16
 150 0002 0020     		movs	r0, #0
 151 0004 FFF7FEFF 		bl	BSP_PB_IRQHandler
 152              	.LVL1:
 152:Core/Src/stm32c0xx_it.c ****   /* USER CODE BEGIN EXTI4_15_IRQn 1 */
 153:Core/Src/stm32c0xx_it.c **** 
 154:Core/Src/stm32c0xx_it.c ****   /* USER CODE END EXTI4_15_IRQn 1 */
 155:Core/Src/stm32c0xx_it.c **** }
 153              		.loc 1 155 1 is_stmt 0 view .LVU17
 154              		@ sp needed
 155 0008 10BD     		pop	{r4, pc}
 156              		.cfi_endproc
 157              	.LFE238:
 159              		.section	.text.USART1_IRQHandler,"ax",%progbits
 160              		.align	1
 161              		.global	USART1_IRQHandler
 162              		.syntax unified
 163              		.code	16
 164              		.thumb_func
 166              	USART1_IRQHandler:
 167              	.LFB239:
 156:Core/Src/stm32c0xx_it.c **** 
 157:Core/Src/stm32c0xx_it.c **** /**
 158:Core/Src/stm32c0xx_it.c ****   * @brief This function handles USART1 interrupt.
 159:Core/Src/stm32c0xx_it.c ****   */
 160:Core/Src/stm32c0xx_it.c **** void USART1_IRQHandler(void)
 161:Core/Src/stm32c0xx_it.c **** {
 168              		.loc 1 161 1 is_stmt 1 view -0
 169              		.cfi_startproc
 170              		@ args = 0, pretend = 0, frame = 0
 171              		@ frame_needed = 0, uses_anonymous_args = 0
 172 0000 10B5     		push	{r4, lr}
 173              	.LCFI2:
 174              		.cfi_def_cfa_offset 8
 175              		.cfi_offset 4, -8
 176              		.cfi_offset 14, -4
 162:Core/Src/stm32c0xx_it.c ****   /* USER CODE BEGIN USART1_IRQn 0 */
 163:Core/Src/stm32c0xx_it.c **** 
 164:Core/Src/stm32c0xx_it.c ****   /* USER CODE END USART1_IRQn 0 */
 165:Core/Src/stm32c0xx_it.c ****   HAL_UART_IRQHandler(&huart1);
 177              		.loc 1 165 3 view .LVU19
 178 0002 0248     		ldr	r0, .L10
 179 0004 FFF7FEFF 		bl	HAL_UART_IRQHandler
 180              	.LVL2:
 166:Core/Src/stm32c0xx_it.c ****   /* USER CODE BEGIN USART1_IRQn 1 */
 167:Core/Src/stm32c0xx_it.c **** 
 168:Core/Src/stm32c0xx_it.c ****   /* USER CODE END USART1_IRQn 1 */
 169:Core/Src/stm32c0xx_it.c **** }
 181              		.loc 1 169 1 is_stmt 0 view .LVU20
 182              		@ sp needed
 183 0008 10BD     		pop	{r4, pc}
 184              	.L11:
ARM GAS  C:\Users\simay\AppData\Local\Temp\cceozDPH.s 			page 7


 185 000a C046     		.align	2
 186              	.L10:
 187 000c 00000000 		.word	huart1
 188              		.cfi_endproc
 189              	.LFE239:
 191              		.text
 192              	.Letext0:
 193              		.file 2 "C:/Users/simay/CTOOLS-ARM/arm-none-eabi/include/machine/_default_types.h"
 194              		.file 3 "C:/Users/simay/CTOOLS-ARM/arm-none-eabi/include/sys/_stdint.h"
 195              		.file 4 "Drivers/CMSIS/Device/ST/STM32C0xx/Include/stm32c092xx.h"
 196              		.file 5 "Drivers/STM32C0xx_HAL_Driver/Inc/stm32c0xx_hal_def.h"
 197              		.file 6 "Drivers/STM32C0xx_HAL_Driver/Inc/stm32c0xx_hal_dma.h"
 198              		.file 7 "Drivers/STM32C0xx_HAL_Driver/Inc/stm32c0xx_hal_uart.h"
 199              		.file 8 "Drivers/BSP/STM32C0xx_Nucleo/stm32c0xx_nucleo.h"
 200              		.file 9 "Drivers/STM32C0xx_HAL_Driver/Inc/stm32c0xx_hal.h"
ARM GAS  C:\Users\simay\AppData\Local\Temp\cceozDPH.s 			page 8


DEFINED SYMBOLS
                            *ABS*:00000000 stm32c0xx_it.c
C:\Users\simay\AppData\Local\Temp\cceozDPH.s:19     .text.NMI_Handler:00000000 $t
C:\Users\simay\AppData\Local\Temp\cceozDPH.s:25     .text.NMI_Handler:00000000 NMI_Handler
C:\Users\simay\AppData\Local\Temp\cceozDPH.s:42     .text.HardFault_Handler:00000000 $t
C:\Users\simay\AppData\Local\Temp\cceozDPH.s:48     .text.HardFault_Handler:00000000 HardFault_Handler
C:\Users\simay\AppData\Local\Temp\cceozDPH.s:65     .text.SVC_Handler:00000000 $t
C:\Users\simay\AppData\Local\Temp\cceozDPH.s:71     .text.SVC_Handler:00000000 SVC_Handler
C:\Users\simay\AppData\Local\Temp\cceozDPH.s:85     .text.PendSV_Handler:00000000 $t
C:\Users\simay\AppData\Local\Temp\cceozDPH.s:91     .text.PendSV_Handler:00000000 PendSV_Handler
C:\Users\simay\AppData\Local\Temp\cceozDPH.s:105    .text.SysTick_Handler:00000000 $t
C:\Users\simay\AppData\Local\Temp\cceozDPH.s:111    .text.SysTick_Handler:00000000 SysTick_Handler
C:\Users\simay\AppData\Local\Temp\cceozDPH.s:132    .text.EXTI4_15_IRQHandler:00000000 $t
C:\Users\simay\AppData\Local\Temp\cceozDPH.s:138    .text.EXTI4_15_IRQHandler:00000000 EXTI4_15_IRQHandler
C:\Users\simay\AppData\Local\Temp\cceozDPH.s:160    .text.USART1_IRQHandler:00000000 $t
C:\Users\simay\AppData\Local\Temp\cceozDPH.s:166    .text.USART1_IRQHandler:00000000 USART1_IRQHandler
C:\Users\simay\AppData\Local\Temp\cceozDPH.s:187    .text.USART1_IRQHandler:0000000c $d

UNDEFINED SYMBOLS
HAL_IncTick
BSP_PB_IRQHandler
HAL_UART_IRQHandler
huart1
