ARM GAS  C:\Users\simay\AppData\Local\Temp\ccM7borQ.s 			page 1


   1              		.cpu cortex-m0plus
   2              		.arch armv6s-m
   3              		.fpu softvfp
   4              		.eabi_attribute 20, 1
   5              		.eabi_attribute 21, 1
   6              		.eabi_attribute 23, 3
   7              		.eabi_attribute 24, 1
   8              		.eabi_attribute 25, 1
   9              		.eabi_attribute 26, 1
  10              		.eabi_attribute 30, 1
  11              		.eabi_attribute 34, 0
  12              		.eabi_attribute 18, 4
  13              		.file	"stm32c0xx_hal_msp.c"
  14              		.text
  15              	.Ltext0:
  16              		.cfi_sections	.debug_frame
  17              		.file 1 "Core/Src/stm32c0xx_hal_msp.c"
  18              		.section	.text.HAL_MspInit,"ax",%progbits
  19              		.align	1
  20              		.global	HAL_MspInit
  21              		.syntax unified
  22              		.code	16
  23              		.thumb_func
  25              	HAL_MspInit:
  26              	.LFB233:
   1:Core/Src/stm32c0xx_hal_msp.c **** /* USER CODE BEGIN Header */
   2:Core/Src/stm32c0xx_hal_msp.c **** /**
   3:Core/Src/stm32c0xx_hal_msp.c ****   ******************************************************************************
   4:Core/Src/stm32c0xx_hal_msp.c ****   * @file         stm32c0xx_hal_msp.c
   5:Core/Src/stm32c0xx_hal_msp.c ****   * @brief        This file provides code for the MSP Initialization
   6:Core/Src/stm32c0xx_hal_msp.c ****   *               and de-Initialization codes.
   7:Core/Src/stm32c0xx_hal_msp.c ****   ******************************************************************************
   8:Core/Src/stm32c0xx_hal_msp.c ****   * @attention
   9:Core/Src/stm32c0xx_hal_msp.c ****   *
  10:Core/Src/stm32c0xx_hal_msp.c ****   * Copyright (c) 2025 STMicroelectronics.
  11:Core/Src/stm32c0xx_hal_msp.c ****   * All rights reserved.
  12:Core/Src/stm32c0xx_hal_msp.c ****   *
  13:Core/Src/stm32c0xx_hal_msp.c ****   * This software is licensed under terms that can be found in the LICENSE file
  14:Core/Src/stm32c0xx_hal_msp.c ****   * in the root directory of this software component.
  15:Core/Src/stm32c0xx_hal_msp.c ****   * If no LICENSE file comes with this software, it is provided AS-IS.
  16:Core/Src/stm32c0xx_hal_msp.c ****   *
  17:Core/Src/stm32c0xx_hal_msp.c ****   ******************************************************************************
  18:Core/Src/stm32c0xx_hal_msp.c ****   */
  19:Core/Src/stm32c0xx_hal_msp.c **** /* USER CODE END Header */
  20:Core/Src/stm32c0xx_hal_msp.c **** 
  21:Core/Src/stm32c0xx_hal_msp.c **** /* Includes ------------------------------------------------------------------*/
  22:Core/Src/stm32c0xx_hal_msp.c **** #include "main.h"
  23:Core/Src/stm32c0xx_hal_msp.c **** /* USER CODE BEGIN Includes */
  24:Core/Src/stm32c0xx_hal_msp.c **** 
  25:Core/Src/stm32c0xx_hal_msp.c **** /* USER CODE END Includes */
  26:Core/Src/stm32c0xx_hal_msp.c **** 
  27:Core/Src/stm32c0xx_hal_msp.c **** /* Private typedef -----------------------------------------------------------*/
  28:Core/Src/stm32c0xx_hal_msp.c **** /* USER CODE BEGIN TD */
  29:Core/Src/stm32c0xx_hal_msp.c **** 
  30:Core/Src/stm32c0xx_hal_msp.c **** /* USER CODE END TD */
  31:Core/Src/stm32c0xx_hal_msp.c **** 
  32:Core/Src/stm32c0xx_hal_msp.c **** /* Private define ------------------------------------------------------------*/
ARM GAS  C:\Users\simay\AppData\Local\Temp\ccM7borQ.s 			page 2


  33:Core/Src/stm32c0xx_hal_msp.c **** /* USER CODE BEGIN Define */
  34:Core/Src/stm32c0xx_hal_msp.c **** 
  35:Core/Src/stm32c0xx_hal_msp.c **** /* USER CODE END Define */
  36:Core/Src/stm32c0xx_hal_msp.c **** 
  37:Core/Src/stm32c0xx_hal_msp.c **** /* Private macro -------------------------------------------------------------*/
  38:Core/Src/stm32c0xx_hal_msp.c **** /* USER CODE BEGIN Macro */
  39:Core/Src/stm32c0xx_hal_msp.c **** 
  40:Core/Src/stm32c0xx_hal_msp.c **** /* USER CODE END Macro */
  41:Core/Src/stm32c0xx_hal_msp.c **** 
  42:Core/Src/stm32c0xx_hal_msp.c **** /* Private variables ---------------------------------------------------------*/
  43:Core/Src/stm32c0xx_hal_msp.c **** /* USER CODE BEGIN PV */
  44:Core/Src/stm32c0xx_hal_msp.c **** 
  45:Core/Src/stm32c0xx_hal_msp.c **** /* USER CODE END PV */
  46:Core/Src/stm32c0xx_hal_msp.c **** 
  47:Core/Src/stm32c0xx_hal_msp.c **** /* Private function prototypes -----------------------------------------------*/
  48:Core/Src/stm32c0xx_hal_msp.c **** /* USER CODE BEGIN PFP */
  49:Core/Src/stm32c0xx_hal_msp.c **** 
  50:Core/Src/stm32c0xx_hal_msp.c **** /* USER CODE END PFP */
  51:Core/Src/stm32c0xx_hal_msp.c **** 
  52:Core/Src/stm32c0xx_hal_msp.c **** /* External functions --------------------------------------------------------*/
  53:Core/Src/stm32c0xx_hal_msp.c **** /* USER CODE BEGIN ExternalFunctions */
  54:Core/Src/stm32c0xx_hal_msp.c **** 
  55:Core/Src/stm32c0xx_hal_msp.c **** /* USER CODE END ExternalFunctions */
  56:Core/Src/stm32c0xx_hal_msp.c **** 
  57:Core/Src/stm32c0xx_hal_msp.c **** /* USER CODE BEGIN 0 */
  58:Core/Src/stm32c0xx_hal_msp.c **** 
  59:Core/Src/stm32c0xx_hal_msp.c **** /* USER CODE END 0 */
  60:Core/Src/stm32c0xx_hal_msp.c **** /**
  61:Core/Src/stm32c0xx_hal_msp.c ****   * Initializes the Global MSP.
  62:Core/Src/stm32c0xx_hal_msp.c ****   */
  63:Core/Src/stm32c0xx_hal_msp.c **** void HAL_MspInit(void)
  64:Core/Src/stm32c0xx_hal_msp.c **** {
  27              		.loc 1 64 1 view -0
  28              		.cfi_startproc
  29              		@ args = 0, pretend = 0, frame = 8
  30              		@ frame_needed = 0, uses_anonymous_args = 0
  31              		@ link register save eliminated.
  32 0000 82B0     		sub	sp, sp, #8
  33              	.LCFI0:
  34              		.cfi_def_cfa_offset 8
  65:Core/Src/stm32c0xx_hal_msp.c **** 
  66:Core/Src/stm32c0xx_hal_msp.c ****   /* USER CODE BEGIN MspInit 0 */
  67:Core/Src/stm32c0xx_hal_msp.c **** 
  68:Core/Src/stm32c0xx_hal_msp.c ****   /* USER CODE END MspInit 0 */
  69:Core/Src/stm32c0xx_hal_msp.c **** 
  70:Core/Src/stm32c0xx_hal_msp.c ****   __HAL_RCC_SYSCFG_CLK_ENABLE();
  35              		.loc 1 70 3 view .LVU1
  36              	.LBB2:
  37              		.loc 1 70 3 view .LVU2
  38              		.loc 1 70 3 view .LVU3
  39 0002 0A4B     		ldr	r3, .L2
  40 0004 196C     		ldr	r1, [r3, #64]
  41 0006 0122     		movs	r2, #1
  42 0008 1143     		orrs	r1, r2
  43 000a 1964     		str	r1, [r3, #64]
  44              		.loc 1 70 3 view .LVU4
  45 000c 196C     		ldr	r1, [r3, #64]
ARM GAS  C:\Users\simay\AppData\Local\Temp\ccM7borQ.s 			page 3


  46 000e 0A40     		ands	r2, r1
  47 0010 0092     		str	r2, [sp]
  48              		.loc 1 70 3 view .LVU5
  49 0012 009A     		ldr	r2, [sp]
  50              	.LBE2:
  51              		.loc 1 70 3 view .LVU6
  71:Core/Src/stm32c0xx_hal_msp.c ****   __HAL_RCC_PWR_CLK_ENABLE();
  52              		.loc 1 71 3 view .LVU7
  53              	.LBB3:
  54              		.loc 1 71 3 view .LVU8
  55              		.loc 1 71 3 view .LVU9
  56 0014 DA6B     		ldr	r2, [r3, #60]
  57 0016 8021     		movs	r1, #128
  58 0018 4905     		lsls	r1, r1, #21
  59 001a 0A43     		orrs	r2, r1
  60 001c DA63     		str	r2, [r3, #60]
  61              		.loc 1 71 3 view .LVU10
  62 001e DB6B     		ldr	r3, [r3, #60]
  63 0020 0B40     		ands	r3, r1
  64 0022 0193     		str	r3, [sp, #4]
  65              		.loc 1 71 3 view .LVU11
  66 0024 019B     		ldr	r3, [sp, #4]
  67              	.LBE3:
  68              		.loc 1 71 3 view .LVU12
  72:Core/Src/stm32c0xx_hal_msp.c **** 
  73:Core/Src/stm32c0xx_hal_msp.c ****   /* System interrupt init*/
  74:Core/Src/stm32c0xx_hal_msp.c **** 
  75:Core/Src/stm32c0xx_hal_msp.c ****   /* USER CODE BEGIN MspInit 1 */
  76:Core/Src/stm32c0xx_hal_msp.c **** 
  77:Core/Src/stm32c0xx_hal_msp.c ****   /* USER CODE END MspInit 1 */
  78:Core/Src/stm32c0xx_hal_msp.c **** }
  69              		.loc 1 78 1 is_stmt 0 view .LVU13
  70 0026 02B0     		add	sp, sp, #8
  71              		@ sp needed
  72 0028 7047     		bx	lr
  73              	.L3:
  74 002a C046     		.align	2
  75              	.L2:
  76 002c 00100240 		.word	1073876992
  77              		.cfi_endproc
  78              	.LFE233:
  80              		.section	.text.HAL_UART_MspInit,"ax",%progbits
  81              		.align	1
  82              		.global	HAL_UART_MspInit
  83              		.syntax unified
  84              		.code	16
  85              		.thumb_func
  87              	HAL_UART_MspInit:
  88              	.LVL0:
  89              	.LFB234:
  79:Core/Src/stm32c0xx_hal_msp.c **** 
  80:Core/Src/stm32c0xx_hal_msp.c **** /**
  81:Core/Src/stm32c0xx_hal_msp.c ****   * @brief UART MSP Initialization
  82:Core/Src/stm32c0xx_hal_msp.c ****   * This function configures the hardware resources used in this example
  83:Core/Src/stm32c0xx_hal_msp.c ****   * @param huart: UART handle pointer
  84:Core/Src/stm32c0xx_hal_msp.c ****   * @retval None
  85:Core/Src/stm32c0xx_hal_msp.c ****   */
ARM GAS  C:\Users\simay\AppData\Local\Temp\ccM7borQ.s 			page 4


  86:Core/Src/stm32c0xx_hal_msp.c **** void HAL_UART_MspInit(UART_HandleTypeDef* huart)
  87:Core/Src/stm32c0xx_hal_msp.c **** {
  90              		.loc 1 87 1 is_stmt 1 view -0
  91              		.cfi_startproc
  92              		@ args = 0, pretend = 0, frame = 64
  93              		@ frame_needed = 0, uses_anonymous_args = 0
  94              		.loc 1 87 1 is_stmt 0 view .LVU15
  95 0000 10B5     		push	{r4, lr}
  96              	.LCFI1:
  97              		.cfi_def_cfa_offset 8
  98              		.cfi_offset 4, -8
  99              		.cfi_offset 14, -4
 100 0002 90B0     		sub	sp, sp, #64
 101              	.LCFI2:
 102              		.cfi_def_cfa_offset 72
 103 0004 0400     		movs	r4, r0
  88:Core/Src/stm32c0xx_hal_msp.c ****   GPIO_InitTypeDef GPIO_InitStruct = {0};
 104              		.loc 1 88 3 is_stmt 1 view .LVU16
 105              		.loc 1 88 20 is_stmt 0 view .LVU17
 106 0006 1422     		movs	r2, #20
 107 0008 0021     		movs	r1, #0
 108 000a 0BA8     		add	r0, sp, #44
 109              	.LVL1:
 110              		.loc 1 88 20 view .LVU18
 111 000c FFF7FEFF 		bl	memset
 112              	.LVL2:
  89:Core/Src/stm32c0xx_hal_msp.c ****   RCC_PeriphCLKInitTypeDef PeriphClkInit = {0};
 113              		.loc 1 89 3 is_stmt 1 view .LVU19
 114              		.loc 1 89 28 is_stmt 0 view .LVU20
 115 0010 2022     		movs	r2, #32
 116 0012 0021     		movs	r1, #0
 117 0014 03A8     		add	r0, sp, #12
 118 0016 FFF7FEFF 		bl	memset
 119              	.LVL3:
  90:Core/Src/stm32c0xx_hal_msp.c ****   if(huart->Instance==USART1)
 120              		.loc 1 90 3 is_stmt 1 view .LVU21
 121              		.loc 1 90 11 is_stmt 0 view .LVU22
 122 001a 2268     		ldr	r2, [r4]
 123              		.loc 1 90 5 view .LVU23
 124 001c 1B4B     		ldr	r3, .L9
 125 001e 9A42     		cmp	r2, r3
 126 0020 01D0     		beq	.L7
 127              	.L4:
  91:Core/Src/stm32c0xx_hal_msp.c ****   {
  92:Core/Src/stm32c0xx_hal_msp.c ****     /* USER CODE BEGIN USART1_MspInit 0 */
  93:Core/Src/stm32c0xx_hal_msp.c **** 
  94:Core/Src/stm32c0xx_hal_msp.c ****     /* USER CODE END USART1_MspInit 0 */
  95:Core/Src/stm32c0xx_hal_msp.c **** 
  96:Core/Src/stm32c0xx_hal_msp.c ****   /** Initializes the peripherals clocks
  97:Core/Src/stm32c0xx_hal_msp.c ****   */
  98:Core/Src/stm32c0xx_hal_msp.c ****     PeriphClkInit.PeriphClockSelection = RCC_PERIPHCLK_USART1;
  99:Core/Src/stm32c0xx_hal_msp.c ****     PeriphClkInit.Usart1ClockSelection = RCC_USART1CLKSOURCE_PCLK1;
 100:Core/Src/stm32c0xx_hal_msp.c ****     if (HAL_RCCEx_PeriphCLKConfig(&PeriphClkInit) != HAL_OK)
 101:Core/Src/stm32c0xx_hal_msp.c ****     {
 102:Core/Src/stm32c0xx_hal_msp.c ****       Error_Handler();
 103:Core/Src/stm32c0xx_hal_msp.c ****     }
 104:Core/Src/stm32c0xx_hal_msp.c **** 
ARM GAS  C:\Users\simay\AppData\Local\Temp\ccM7borQ.s 			page 5


 105:Core/Src/stm32c0xx_hal_msp.c ****     /* Peripheral clock enable */
 106:Core/Src/stm32c0xx_hal_msp.c ****     __HAL_RCC_USART1_CLK_ENABLE();
 107:Core/Src/stm32c0xx_hal_msp.c **** 
 108:Core/Src/stm32c0xx_hal_msp.c ****     __HAL_RCC_GPIOA_CLK_ENABLE();
 109:Core/Src/stm32c0xx_hal_msp.c ****     /**USART1 GPIO Configuration
 110:Core/Src/stm32c0xx_hal_msp.c ****     PA0     ------> USART1_TX
 111:Core/Src/stm32c0xx_hal_msp.c ****     PA1     ------> USART1_RX
 112:Core/Src/stm32c0xx_hal_msp.c ****     */
 113:Core/Src/stm32c0xx_hal_msp.c ****     GPIO_InitStruct.Pin = GPIO_PIN_0|GPIO_PIN_1;
 114:Core/Src/stm32c0xx_hal_msp.c ****     GPIO_InitStruct.Mode = GPIO_MODE_AF_PP;
 115:Core/Src/stm32c0xx_hal_msp.c ****     GPIO_InitStruct.Pull = GPIO_NOPULL;
 116:Core/Src/stm32c0xx_hal_msp.c ****     GPIO_InitStruct.Speed = GPIO_SPEED_FREQ_LOW;
 117:Core/Src/stm32c0xx_hal_msp.c ****     GPIO_InitStruct.Alternate = GPIO_AF4_USART1;
 118:Core/Src/stm32c0xx_hal_msp.c ****     HAL_GPIO_Init(GPIOA, &GPIO_InitStruct);
 119:Core/Src/stm32c0xx_hal_msp.c **** 
 120:Core/Src/stm32c0xx_hal_msp.c ****     /* USART1 interrupt Init */
 121:Core/Src/stm32c0xx_hal_msp.c ****     HAL_NVIC_SetPriority(USART1_IRQn, 0, 0);
 122:Core/Src/stm32c0xx_hal_msp.c ****     HAL_NVIC_EnableIRQ(USART1_IRQn);
 123:Core/Src/stm32c0xx_hal_msp.c ****     /* USER CODE BEGIN USART1_MspInit 1 */
 124:Core/Src/stm32c0xx_hal_msp.c **** 
 125:Core/Src/stm32c0xx_hal_msp.c ****     /* USER CODE END USART1_MspInit 1 */
 126:Core/Src/stm32c0xx_hal_msp.c **** 
 127:Core/Src/stm32c0xx_hal_msp.c ****   }
 128:Core/Src/stm32c0xx_hal_msp.c **** 
 129:Core/Src/stm32c0xx_hal_msp.c **** }
 128              		.loc 1 129 1 view .LVU24
 129 0022 10B0     		add	sp, sp, #64
 130              		@ sp needed
 131              	.LVL4:
 132              		.loc 1 129 1 view .LVU25
 133 0024 10BD     		pop	{r4, pc}
 134              	.LVL5:
 135              	.L7:
  98:Core/Src/stm32c0xx_hal_msp.c ****     PeriphClkInit.Usart1ClockSelection = RCC_USART1CLKSOURCE_PCLK1;
 136              		.loc 1 98 5 is_stmt 1 view .LVU26
  98:Core/Src/stm32c0xx_hal_msp.c ****     PeriphClkInit.Usart1ClockSelection = RCC_USART1CLKSOURCE_PCLK1;
 137              		.loc 1 98 40 is_stmt 0 view .LVU27
 138 0026 0123     		movs	r3, #1
 139 0028 0393     		str	r3, [sp, #12]
  99:Core/Src/stm32c0xx_hal_msp.c ****     if (HAL_RCCEx_PeriphCLKConfig(&PeriphClkInit) != HAL_OK)
 140              		.loc 1 99 5 is_stmt 1 view .LVU28
 100:Core/Src/stm32c0xx_hal_msp.c ****     {
 141              		.loc 1 100 5 view .LVU29
 100:Core/Src/stm32c0xx_hal_msp.c ****     {
 142              		.loc 1 100 9 is_stmt 0 view .LVU30
 143 002a 03A8     		add	r0, sp, #12
 144 002c FFF7FEFF 		bl	HAL_RCCEx_PeriphCLKConfig
 145              	.LVL6:
 100:Core/Src/stm32c0xx_hal_msp.c ****     {
 146              		.loc 1 100 8 discriminator 1 view .LVU31
 147 0030 0028     		cmp	r0, #0
 148 0032 28D1     		bne	.L8
 149              	.L6:
 106:Core/Src/stm32c0xx_hal_msp.c **** 
 150              		.loc 1 106 5 is_stmt 1 view .LVU32
 151              	.LBB4:
 106:Core/Src/stm32c0xx_hal_msp.c **** 
ARM GAS  C:\Users\simay\AppData\Local\Temp\ccM7borQ.s 			page 6


 152              		.loc 1 106 5 view .LVU33
 106:Core/Src/stm32c0xx_hal_msp.c **** 
 153              		.loc 1 106 5 view .LVU34
 154 0034 164B     		ldr	r3, .L9+4
 155 0036 1A6C     		ldr	r2, [r3, #64]
 156 0038 8021     		movs	r1, #128
 157 003a C901     		lsls	r1, r1, #7
 158 003c 0A43     		orrs	r2, r1
 159 003e 1A64     		str	r2, [r3, #64]
 106:Core/Src/stm32c0xx_hal_msp.c **** 
 160              		.loc 1 106 5 view .LVU35
 161 0040 1A6C     		ldr	r2, [r3, #64]
 162 0042 0A40     		ands	r2, r1
 163 0044 0192     		str	r2, [sp, #4]
 106:Core/Src/stm32c0xx_hal_msp.c **** 
 164              		.loc 1 106 5 view .LVU36
 165 0046 019A     		ldr	r2, [sp, #4]
 166              	.LBE4:
 106:Core/Src/stm32c0xx_hal_msp.c **** 
 167              		.loc 1 106 5 view .LVU37
 108:Core/Src/stm32c0xx_hal_msp.c ****     /**USART1 GPIO Configuration
 168              		.loc 1 108 5 view .LVU38
 169              	.LBB5:
 108:Core/Src/stm32c0xx_hal_msp.c ****     /**USART1 GPIO Configuration
 170              		.loc 1 108 5 view .LVU39
 108:Core/Src/stm32c0xx_hal_msp.c ****     /**USART1 GPIO Configuration
 171              		.loc 1 108 5 view .LVU40
 172 0048 596B     		ldr	r1, [r3, #52]
 173 004a 0122     		movs	r2, #1
 174 004c 1143     		orrs	r1, r2
 175 004e 5963     		str	r1, [r3, #52]
 108:Core/Src/stm32c0xx_hal_msp.c ****     /**USART1 GPIO Configuration
 176              		.loc 1 108 5 view .LVU41
 177 0050 5B6B     		ldr	r3, [r3, #52]
 178 0052 1A40     		ands	r2, r3
 179 0054 0292     		str	r2, [sp, #8]
 108:Core/Src/stm32c0xx_hal_msp.c ****     /**USART1 GPIO Configuration
 180              		.loc 1 108 5 view .LVU42
 181 0056 029B     		ldr	r3, [sp, #8]
 182              	.LBE5:
 108:Core/Src/stm32c0xx_hal_msp.c ****     /**USART1 GPIO Configuration
 183              		.loc 1 108 5 view .LVU43
 113:Core/Src/stm32c0xx_hal_msp.c ****     GPIO_InitStruct.Mode = GPIO_MODE_AF_PP;
 184              		.loc 1 113 5 view .LVU44
 113:Core/Src/stm32c0xx_hal_msp.c ****     GPIO_InitStruct.Mode = GPIO_MODE_AF_PP;
 185              		.loc 1 113 25 is_stmt 0 view .LVU45
 186 0058 0BA9     		add	r1, sp, #44
 187 005a 0323     		movs	r3, #3
 188 005c 0B93     		str	r3, [sp, #44]
 114:Core/Src/stm32c0xx_hal_msp.c ****     GPIO_InitStruct.Pull = GPIO_NOPULL;
 189              		.loc 1 114 5 is_stmt 1 view .LVU46
 114:Core/Src/stm32c0xx_hal_msp.c ****     GPIO_InitStruct.Pull = GPIO_NOPULL;
 190              		.loc 1 114 26 is_stmt 0 view .LVU47
 191 005e 013B     		subs	r3, r3, #1
 192 0060 4B60     		str	r3, [r1, #4]
 115:Core/Src/stm32c0xx_hal_msp.c ****     GPIO_InitStruct.Speed = GPIO_SPEED_FREQ_LOW;
 193              		.loc 1 115 5 is_stmt 1 view .LVU48
ARM GAS  C:\Users\simay\AppData\Local\Temp\ccM7borQ.s 			page 7


 115:Core/Src/stm32c0xx_hal_msp.c ****     GPIO_InitStruct.Speed = GPIO_SPEED_FREQ_LOW;
 194              		.loc 1 115 26 is_stmt 0 view .LVU49
 195 0062 0023     		movs	r3, #0
 196 0064 8B60     		str	r3, [r1, #8]
 116:Core/Src/stm32c0xx_hal_msp.c ****     GPIO_InitStruct.Alternate = GPIO_AF4_USART1;
 197              		.loc 1 116 5 is_stmt 1 view .LVU50
 116:Core/Src/stm32c0xx_hal_msp.c ****     GPIO_InitStruct.Alternate = GPIO_AF4_USART1;
 198              		.loc 1 116 27 is_stmt 0 view .LVU51
 199 0066 CB60     		str	r3, [r1, #12]
 117:Core/Src/stm32c0xx_hal_msp.c ****     HAL_GPIO_Init(GPIOA, &GPIO_InitStruct);
 200              		.loc 1 117 5 is_stmt 1 view .LVU52
 117:Core/Src/stm32c0xx_hal_msp.c ****     HAL_GPIO_Init(GPIOA, &GPIO_InitStruct);
 201              		.loc 1 117 31 is_stmt 0 view .LVU53
 202 0068 0433     		adds	r3, r3, #4
 203 006a 0B61     		str	r3, [r1, #16]
 118:Core/Src/stm32c0xx_hal_msp.c **** 
 204              		.loc 1 118 5 is_stmt 1 view .LVU54
 205 006c A020     		movs	r0, #160
 206 006e C005     		lsls	r0, r0, #23
 207 0070 FFF7FEFF 		bl	HAL_GPIO_Init
 208              	.LVL7:
 121:Core/Src/stm32c0xx_hal_msp.c ****     HAL_NVIC_EnableIRQ(USART1_IRQn);
 209              		.loc 1 121 5 view .LVU55
 210 0074 0022     		movs	r2, #0
 211 0076 0021     		movs	r1, #0
 212 0078 1B20     		movs	r0, #27
 213 007a FFF7FEFF 		bl	HAL_NVIC_SetPriority
 214              	.LVL8:
 122:Core/Src/stm32c0xx_hal_msp.c ****     /* USER CODE BEGIN USART1_MspInit 1 */
 215              		.loc 1 122 5 view .LVU56
 216 007e 1B20     		movs	r0, #27
 217 0080 FFF7FEFF 		bl	HAL_NVIC_EnableIRQ
 218              	.LVL9:
 219              		.loc 1 129 1 is_stmt 0 view .LVU57
 220 0084 CDE7     		b	.L4
 221              	.L8:
 102:Core/Src/stm32c0xx_hal_msp.c ****     }
 222              		.loc 1 102 7 is_stmt 1 view .LVU58
 223 0086 FFF7FEFF 		bl	Error_Handler
 224              	.LVL10:
 225 008a D3E7     		b	.L6
 226              	.L10:
 227              		.align	2
 228              	.L9:
 229 008c 00380140 		.word	1073821696
 230 0090 00100240 		.word	1073876992
 231              		.cfi_endproc
 232              	.LFE234:
 234              		.section	.text.HAL_UART_MspDeInit,"ax",%progbits
 235              		.align	1
 236              		.global	HAL_UART_MspDeInit
 237              		.syntax unified
 238              		.code	16
 239              		.thumb_func
 241              	HAL_UART_MspDeInit:
 242              	.LVL11:
 243              	.LFB235:
ARM GAS  C:\Users\simay\AppData\Local\Temp\ccM7borQ.s 			page 8


 130:Core/Src/stm32c0xx_hal_msp.c **** 
 131:Core/Src/stm32c0xx_hal_msp.c **** /**
 132:Core/Src/stm32c0xx_hal_msp.c ****   * @brief UART MSP De-Initialization
 133:Core/Src/stm32c0xx_hal_msp.c ****   * This function freeze the hardware resources used in this example
 134:Core/Src/stm32c0xx_hal_msp.c ****   * @param huart: UART handle pointer
 135:Core/Src/stm32c0xx_hal_msp.c ****   * @retval None
 136:Core/Src/stm32c0xx_hal_msp.c ****   */
 137:Core/Src/stm32c0xx_hal_msp.c **** void HAL_UART_MspDeInit(UART_HandleTypeDef* huart)
 138:Core/Src/stm32c0xx_hal_msp.c **** {
 244              		.loc 1 138 1 view -0
 245              		.cfi_startproc
 246              		@ args = 0, pretend = 0, frame = 0
 247              		@ frame_needed = 0, uses_anonymous_args = 0
 248              		.loc 1 138 1 is_stmt 0 view .LVU60
 249 0000 10B5     		push	{r4, lr}
 250              	.LCFI3:
 251              		.cfi_def_cfa_offset 8
 252              		.cfi_offset 4, -8
 253              		.cfi_offset 14, -4
 139:Core/Src/stm32c0xx_hal_msp.c ****   if(huart->Instance==USART1)
 254              		.loc 1 139 3 is_stmt 1 view .LVU61
 255              		.loc 1 139 11 is_stmt 0 view .LVU62
 256 0002 0268     		ldr	r2, [r0]
 257              		.loc 1 139 5 view .LVU63
 258 0004 084B     		ldr	r3, .L14
 259 0006 9A42     		cmp	r2, r3
 260 0008 00D0     		beq	.L13
 261              	.LVL12:
 262              	.L11:
 140:Core/Src/stm32c0xx_hal_msp.c ****   {
 141:Core/Src/stm32c0xx_hal_msp.c ****     /* USER CODE BEGIN USART1_MspDeInit 0 */
 142:Core/Src/stm32c0xx_hal_msp.c **** 
 143:Core/Src/stm32c0xx_hal_msp.c ****     /* USER CODE END USART1_MspDeInit 0 */
 144:Core/Src/stm32c0xx_hal_msp.c ****     /* Peripheral clock disable */
 145:Core/Src/stm32c0xx_hal_msp.c ****     __HAL_RCC_USART1_CLK_DISABLE();
 146:Core/Src/stm32c0xx_hal_msp.c **** 
 147:Core/Src/stm32c0xx_hal_msp.c ****     /**USART1 GPIO Configuration
 148:Core/Src/stm32c0xx_hal_msp.c ****     PA0     ------> USART1_TX
 149:Core/Src/stm32c0xx_hal_msp.c ****     PA1     ------> USART1_RX
 150:Core/Src/stm32c0xx_hal_msp.c ****     */
 151:Core/Src/stm32c0xx_hal_msp.c ****     HAL_GPIO_DeInit(GPIOA, GPIO_PIN_0|GPIO_PIN_1);
 152:Core/Src/stm32c0xx_hal_msp.c **** 
 153:Core/Src/stm32c0xx_hal_msp.c ****     /* USART1 interrupt DeInit */
 154:Core/Src/stm32c0xx_hal_msp.c ****     HAL_NVIC_DisableIRQ(USART1_IRQn);
 155:Core/Src/stm32c0xx_hal_msp.c ****     /* USER CODE BEGIN USART1_MspDeInit 1 */
 156:Core/Src/stm32c0xx_hal_msp.c **** 
 157:Core/Src/stm32c0xx_hal_msp.c ****     /* USER CODE END USART1_MspDeInit 1 */
 158:Core/Src/stm32c0xx_hal_msp.c ****   }
 159:Core/Src/stm32c0xx_hal_msp.c **** 
 160:Core/Src/stm32c0xx_hal_msp.c **** }
 263              		.loc 1 160 1 view .LVU64
 264              		@ sp needed
 265 000a 10BD     		pop	{r4, pc}
 266              	.LVL13:
 267              	.L13:
 145:Core/Src/stm32c0xx_hal_msp.c **** 
 268              		.loc 1 145 5 is_stmt 1 view .LVU65
ARM GAS  C:\Users\simay\AppData\Local\Temp\ccM7borQ.s 			page 9


 269 000c 074A     		ldr	r2, .L14+4
 270 000e 136C     		ldr	r3, [r2, #64]
 271 0010 0749     		ldr	r1, .L14+8
 272 0012 0B40     		ands	r3, r1
 273 0014 1364     		str	r3, [r2, #64]
 151:Core/Src/stm32c0xx_hal_msp.c **** 
 274              		.loc 1 151 5 view .LVU66
 275 0016 A020     		movs	r0, #160
 276              	.LVL14:
 151:Core/Src/stm32c0xx_hal_msp.c **** 
 277              		.loc 1 151 5 is_stmt 0 view .LVU67
 278 0018 0321     		movs	r1, #3
 279 001a C005     		lsls	r0, r0, #23
 280 001c FFF7FEFF 		bl	HAL_GPIO_DeInit
 281              	.LVL15:
 154:Core/Src/stm32c0xx_hal_msp.c ****     /* USER CODE BEGIN USART1_MspDeInit 1 */
 282              		.loc 1 154 5 is_stmt 1 view .LVU68
 283 0020 1B20     		movs	r0, #27
 284 0022 FFF7FEFF 		bl	HAL_NVIC_DisableIRQ
 285              	.LVL16:
 286              		.loc 1 160 1 is_stmt 0 view .LVU69
 287 0026 F0E7     		b	.L11
 288              	.L15:
 289              		.align	2
 290              	.L14:
 291 0028 00380140 		.word	1073821696
 292 002c 00100240 		.word	1073876992
 293 0030 FFBFFFFF 		.word	-16385
 294              		.cfi_endproc
 295              	.LFE235:
 297              		.text
 298              	.Letext0:
 299              		.file 2 "Drivers/CMSIS/Device/ST/STM32C0xx/Include/stm32c092xx.h"
 300              		.file 3 "C:/Users/simay/CTOOLS-ARM/arm-none-eabi/include/machine/_default_types.h"
 301              		.file 4 "C:/Users/simay/CTOOLS-ARM/arm-none-eabi/include/sys/_stdint.h"
 302              		.file 5 "Drivers/STM32C0xx_HAL_Driver/Inc/stm32c0xx_hal_def.h"
 303              		.file 6 "Drivers/STM32C0xx_HAL_Driver/Inc/stm32c0xx_hal_rcc_ex.h"
 304              		.file 7 "Drivers/STM32C0xx_HAL_Driver/Inc/stm32c0xx_hal_gpio.h"
 305              		.file 8 "Drivers/STM32C0xx_HAL_Driver/Inc/stm32c0xx_hal_dma.h"
 306              		.file 9 "Drivers/STM32C0xx_HAL_Driver/Inc/stm32c0xx_hal_uart.h"
 307              		.file 10 "Drivers/STM32C0xx_HAL_Driver/Inc/stm32c0xx_hal_cortex.h"
 308              		.file 11 "Core/Inc/main.h"
 309              		.file 12 "<built-in>"
ARM GAS  C:\Users\simay\AppData\Local\Temp\ccM7borQ.s 			page 10


DEFINED SYMBOLS
                            *ABS*:00000000 stm32c0xx_hal_msp.c
C:\Users\simay\AppData\Local\Temp\ccM7borQ.s:19     .text.HAL_MspInit:00000000 $t
C:\Users\simay\AppData\Local\Temp\ccM7borQ.s:25     .text.HAL_MspInit:00000000 HAL_MspInit
C:\Users\simay\AppData\Local\Temp\ccM7borQ.s:76     .text.HAL_MspInit:0000002c $d
C:\Users\simay\AppData\Local\Temp\ccM7borQ.s:81     .text.HAL_UART_MspInit:00000000 $t
C:\Users\simay\AppData\Local\Temp\ccM7borQ.s:87     .text.HAL_UART_MspInit:00000000 HAL_UART_MspInit
C:\Users\simay\AppData\Local\Temp\ccM7borQ.s:229    .text.HAL_UART_MspInit:0000008c $d
C:\Users\simay\AppData\Local\Temp\ccM7borQ.s:235    .text.HAL_UART_MspDeInit:00000000 $t
C:\Users\simay\AppData\Local\Temp\ccM7borQ.s:241    .text.HAL_UART_MspDeInit:00000000 HAL_UART_MspDeInit
C:\Users\simay\AppData\Local\Temp\ccM7borQ.s:291    .text.HAL_UART_MspDeInit:00000028 $d

UNDEFINED SYMBOLS
memset
HAL_RCCEx_PeriphCLKConfig
HAL_GPIO_Init
HAL_NVIC_SetPriority
HAL_NVIC_EnableIRQ
Error_Handler
HAL_GPIO_DeInit
HAL_NVIC_DisableIRQ
